<?xml version="1.0" encoding="UTF-8"?>
<coverage generated="1601244908447" clover="3.2.0">
  <project timestamp="1601244908447" name="All files">
    <metrics statements="93" coveredstatements="93" conditionals="45" coveredconditionals="45" methods="31" coveredmethods="28" elements="169" coveredelements="166" complexity="0" loc="93" ncloc="93" packages="1" files="1" classes="1"/>
    <file name="prompter.ts" path="/Users/azmizar/Projects/SimplyAppDevs/nodejs/nodejs-prompt/src/prompter.ts">
      <metrics statements="93" coveredstatements="93" conditionals="45" coveredconditionals="45" methods="31" coveredmethods="28"/>
      <line num="4" count="1" type="stmt"/>
      <line num="39" count="1" type="stmt"/>
      <line num="50" count="1" type="stmt"/>
      <line num="52" count="1" type="stmt"/>
      <line num="58" count="1" type="stmt"/>
      <line num="59" count="20" type="stmt"/>
      <line num="61" count="1" type="stmt"/>
      <line num="63" count="1" type="stmt"/>
      <line num="67" count="1" type="stmt"/>
      <line num="74" count="1" type="stmt"/>
      <line num="79" count="1" type="stmt"/>
      <line num="85" count="1" type="stmt"/>
      <line num="90" count="1" type="stmt"/>
      <line num="91" count="23" type="stmt"/>
      <line num="92" count="23" type="stmt"/>
      <line num="93" count="23" type="stmt"/>
      <line num="100" count="1" type="stmt"/>
      <line num="101" count="22" type="stmt"/>
      <line num="103" count="22" type="stmt"/>
      <line num="105" count="22" type="stmt"/>
      <line num="106" count="20" type="stmt"/>
      <line num="107" count="20" type="stmt"/>
      <line num="110" count="22" type="stmt"/>
      <line num="111" count="1" type="stmt"/>
      <line num="114" count="22" type="stmt"/>
      <line num="115" count="1" type="stmt"/>
      <line num="119" count="22" type="stmt"/>
      <line num="122" count="22" type="cond" truecount="4" falsecount="0"/>
      <line num="124" count="9" type="stmt"/>
      <line num="125" count="34" type="cond" truecount="2" falsecount="0"/>
      <line num="126" count="8" type="stmt"/>
      <line num="128" count="26" type="stmt"/>
      <line num="133" count="9" type="stmt"/>
      <line num="136" count="9" type="stmt"/>
      <line num="137" count="34" type="stmt"/>
      <line num="141" count="9" type="stmt"/>
      <line num="145" count="22" type="stmt"/>
      <line num="147" count="22" type="cond" truecount="2" falsecount="0"/>
      <line num="148" count="9" type="stmt"/>
      <line num="150" count="13" type="stmt"/>
      <line num="153" count="22" type="stmt"/>
      <line num="155" count="22" type="stmt"/>
      <line num="156" count="22" type="stmt"/>
      <line num="164" count="1" type="stmt"/>
      <line num="166" count="22" type="stmt"/>
      <line num="169" count="22" type="stmt"/>
      <line num="172" count="22" type="stmt"/>
      <line num="174" count="20" type="cond" truecount="4" falsecount="0"/>
      <line num="177" count="20" type="cond" truecount="4" falsecount="0"/>
      <line num="179" count="5" type="stmt"/>
      <line num="182" count="15" type="cond" truecount="5" falsecount="0"/>
      <line num="184" count="1" type="stmt"/>
      <line num="185" count="1" type="stmt"/>
      <line num="189" count="14" type="cond" truecount="2" falsecount="0"/>
      <line num="191" count="7" type="cond" truecount="2" falsecount="0"/>
      <line num="192" count="5" type="stmt"/>
      <line num="195" count="2" type="cond" truecount="4" falsecount="0"/>
      <line num="197" count="1" type="stmt"/>
      <line num="201" count="8" type="cond" truecount="2" falsecount="0"/>
      <line num="203" count="7" type="cond" truecount="4" falsecount="0"/>
      <line num="205" count="1" type="stmt"/>
      <line num="209" count="7" type="stmt"/>
      <line num="212" count="7" type="stmt"/>
      <line num="213" count="19" type="stmt"/>
      <line num="216" count="7" type="cond" truecount="2" falsecount="0"/>
      <line num="218" count="6" type="stmt"/>
      <line num="223" count="2" type="stmt"/>
      <line num="231" count="1" type="stmt"/>
      <line num="232" count="16" type="stmt"/>
      <line num="234" count="16" type="stmt"/>
      <line num="236" count="16" type="stmt"/>
      <line num="237" count="16" type="stmt"/>
      <line num="240" count="16" type="stmt"/>
      <line num="241" count="22" type="stmt"/>
      <line num="242" count="20" type="cond" truecount="2" falsecount="0"/>
      <line num="243" count="4" type="stmt"/>
      <line num="247" count="20" type="stmt"/>
      <line num="251" count="9" type="stmt"/>
      <line num="254" count="9" type="stmt"/>
      <line num="256" count="9" type="stmt"/>
      <line num="259" count="7" type="stmt"/>
      <line num="261" count="7" type="stmt"/>
      <line num="265" count="1" type="stmt"/>
      <line num="268" count="1" type="stmt"/>
      <line num="282" count="1" type="stmt"/>
      <line num="284" count="14" type="stmt"/>
      <line num="286" count="14" type="stmt"/>
      <line num="287" count="8" type="stmt"/>
      <line num="290" count="3" type="stmt"/>
      <line num="291" count="3" type="cond" truecount="4" falsecount="0"/>
      <line num="292" count="2" type="stmt"/>
      <line num="294" count="1" type="stmt"/>
      <line num="300" count="1" type="stmt"/>
    </file>
  </project>
</coverage>
