<?xml version="1.0" encoding="UTF-8"?>
<coverage generated="1601215048907" clover="3.2.0">
  <project timestamp="1601215048907" name="All files">
    <metrics statements="92" coveredstatements="92" conditionals="43" coveredconditionals="43" methods="31" coveredmethods="28" elements="166" coveredelements="163" complexity="0" loc="92" ncloc="92" packages="1" files="1" classes="1"/>
    <file name="prompter.ts" path="/Users/azmizar/Projects/SimplyAppDevs/nodejs/nodejs-prompt/src/prompter.ts">
      <metrics statements="92" coveredstatements="92" conditionals="43" coveredconditionals="43" methods="31" coveredmethods="28"/>
      <line num="4" count="1" type="stmt"/>
      <line num="38" count="1" type="stmt"/>
      <line num="49" count="1" type="stmt"/>
      <line num="51" count="1" type="stmt"/>
      <line num="57" count="1" type="stmt"/>
      <line num="58" count="19" type="stmt"/>
      <line num="60" count="1" type="stmt"/>
      <line num="62" count="1" type="stmt"/>
      <line num="66" count="1" type="stmt"/>
      <line num="73" count="1" type="stmt"/>
      <line num="78" count="1" type="stmt"/>
      <line num="84" count="1" type="stmt"/>
      <line num="89" count="1" type="stmt"/>
      <line num="90" count="22" type="stmt"/>
      <line num="91" count="22" type="stmt"/>
      <line num="92" count="22" type="stmt"/>
      <line num="99" count="1" type="stmt"/>
      <line num="100" count="21" type="stmt"/>
      <line num="102" count="21" type="stmt"/>
      <line num="104" count="21" type="stmt"/>
      <line num="105" count="19" type="stmt"/>
      <line num="106" count="19" type="stmt"/>
      <line num="109" count="21" type="stmt"/>
      <line num="110" count="1" type="stmt"/>
      <line num="113" count="21" type="stmt"/>
      <line num="114" count="1" type="stmt"/>
      <line num="118" count="21" type="stmt"/>
      <line num="121" count="21" type="cond" truecount="4" falsecount="0"/>
      <line num="123" count="8" type="stmt"/>
      <line num="124" count="32" type="cond" truecount="2" falsecount="0"/>
      <line num="125" count="8" type="stmt"/>
      <line num="127" count="24" type="stmt"/>
      <line num="132" count="8" type="stmt"/>
      <line num="134" count="8" type="stmt"/>
      <line num="136" count="32" type="stmt"/>
      <line num="141" count="21" type="stmt"/>
      <line num="143" count="21" type="cond" truecount="2" falsecount="0"/>
      <line num="144" count="8" type="stmt"/>
      <line num="146" count="13" type="stmt"/>
      <line num="149" count="21" type="stmt"/>
      <line num="151" count="21" type="stmt"/>
      <line num="152" count="21" type="stmt"/>
      <line num="160" count="1" type="stmt"/>
      <line num="162" count="21" type="stmt"/>
      <line num="165" count="21" type="stmt"/>
      <line num="168" count="21" type="stmt"/>
      <line num="170" count="19" type="cond" truecount="4" falsecount="0"/>
      <line num="173" count="19" type="cond" truecount="4" falsecount="0"/>
      <line num="175" count="5" type="stmt"/>
      <line num="178" count="14" type="cond" truecount="5" falsecount="0"/>
      <line num="180" count="1" type="stmt"/>
      <line num="181" count="1" type="stmt"/>
      <line num="185" count="13" type="cond" truecount="2" falsecount="0"/>
      <line num="187" count="7" type="cond" truecount="2" falsecount="0"/>
      <line num="188" count="5" type="stmt"/>
      <line num="191" count="2" type="cond" truecount="4" falsecount="0"/>
      <line num="193" count="1" type="stmt"/>
      <line num="197" count="7" type="cond" truecount="2" falsecount="0"/>
      <line num="199" count="6" type="cond" truecount="4" falsecount="0"/>
      <line num="201" count="1" type="stmt"/>
      <line num="205" count="6" type="stmt"/>
      <line num="208" count="6" type="stmt"/>
      <line num="209" count="18" type="stmt"/>
      <line num="212" count="6" type="cond" truecount="2" falsecount="0"/>
      <line num="214" count="5" type="stmt"/>
      <line num="219" count="2" type="stmt"/>
      <line num="246" count="1" type="stmt"/>
      <line num="247" count="16" type="stmt"/>
      <line num="249" count="16" type="stmt"/>
      <line num="251" count="16" type="stmt"/>
      <line num="252" count="16" type="stmt"/>
      <line num="255" count="16" type="stmt"/>
      <line num="256" count="20" type="stmt"/>
      <line num="257" count="19" type="cond" truecount="2" falsecount="0"/>
      <line num="258" count="3" type="stmt"/>
      <line num="262" count="19" type="stmt"/>
      <line num="266" count="9" type="stmt"/>
      <line num="269" count="9" type="stmt"/>
      <line num="271" count="9" type="stmt"/>
      <line num="274" count="7" type="stmt"/>
      <line num="276" count="7" type="stmt"/>
      <line num="280" count="1" type="stmt"/>
      <line num="283" count="1" type="stmt"/>
      <line num="297" count="1" type="stmt"/>
      <line num="299" count="14" type="stmt"/>
      <line num="301" count="14" type="stmt"/>
      <line num="302" count="8" type="stmt"/>
      <line num="305" count="3" type="stmt"/>
      <line num="306" count="3" type="cond" truecount="4" falsecount="0"/>
      <line num="307" count="2" type="stmt"/>
      <line num="309" count="1" type="stmt"/>
      <line num="315" count="1" type="stmt"/>
    </file>
  </project>
</coverage>
