{"/Users/azmizar/Projects/SimplyAppDevs/nodejs/nodejs-prompt/src/prompter.ts": {"path":"/Users/azmizar/Projects/SimplyAppDevs/nodejs/nodejs-prompt/src/prompter.ts","statementMap":{"0":{"start":{"line":4,"column":0},"end":{"line":4,"column":32}},"1":{"start":{"line":38,"column":0},"end":{"line":38,"column":null}},"2":{"start":{"line":49,"column":2},"end":{"line":49,"column":null}},"3":{"start":{"line":51,"column":4},"end":{"line":54,"column":7}},"4":{"start":{"line":57,"column":4},"end":{"line":63,"column":7}},"5":{"start":{"line":58,"column":6},"end":{"line":58,"column":27}},"6":{"start":{"line":60,"column":6},"end":{"line":60,"column":23}},"7":{"start":{"line":62,"column":6},"end":{"line":62,"column":38}},"8":{"start":{"line":66,"column":4},"end":{"line":66,"column":25}},"9":{"start":{"line":73,"column":10},"end":{"line":73,"column":38}},"10":{"start":{"line":78,"column":10},"end":{"line":78,"column":28}},"11":{"start":{"line":84,"column":10},"end":{"line":84,"column":46}},"12":{"start":{"line":89,"column":10},"end":{"line":93,"column":null}},"13":{"start":{"line":90,"column":4},"end":{"line":90,"column":37}},"14":{"start":{"line":91,"column":4},"end":{"line":91,"column":39}},"15":{"start":{"line":92,"column":4},"end":{"line":92,"column":51}},"16":{"start":{"line":99,"column":16},"end":{"line":154,"column":null}},"17":{"start":{"line":100,"column":4},"end":{"line":153,"column":7}},"18":{"start":{"line":102,"column":18},"end":{"line":102,"column":61}},"19":{"start":{"line":104,"column":6},"end":{"line":107,"column":8}},"20":{"start":{"line":105,"column":8},"end":{"line":105,"column":35}},"21":{"start":{"line":106,"column":8},"end":{"line":106,"column":24}},"22":{"start":{"line":109,"column":6},"end":{"line":111,"column":8}},"23":{"start":{"line":110,"column":8},"end":{"line":110,"column":43}},"24":{"start":{"line":113,"column":6},"end":{"line":115,"column":8}},"25":{"start":{"line":114,"column":8},"end":{"line":114,"column":57}},"26":{"start":{"line":118,"column":31},"end":{"line":118,"column":35}},"27":{"start":{"line":121,"column":6},"end":{"line":138,"column":null}},"28":{"start":{"line":123,"column":39},"end":{"line":129,"column":29}},"29":{"start":{"line":124,"column":10},"end":{"line":128,"column":null}},"30":{"start":{"line":125,"column":12},"end":{"line":125,"column":27}},"31":{"start":{"line":127,"column":12},"end":{"line":127,"column":27}},"32":{"start":{"line":132,"column":34},"end":{"line":132,"column":59}},"33":{"start":{"line":134,"column":8},"end":{"line":137,"column":11}},"34":{"start":{"line":136,"column":10},"end":{"line":136,"column":75}},"35":{"start":{"line":141,"column":27},"end":{"line":141,"column":29}},"36":{"start":{"line":143,"column":6},"end":{"line":147,"column":null}},"37":{"start":{"line":144,"column":8},"end":{"line":144,"column":67}},"38":{"start":{"line":146,"column":8},"end":{"line":146,"column":36}},"39":{"start":{"line":149,"column":6},"end":{"line":149,"column":27}},"40":{"start":{"line":151,"column":6},"end":{"line":151,"column":36}},"41":{"start":{"line":152,"column":6},"end":{"line":152,"column":23}},"42":{"start":{"line":160,"column":16},"end":{"line":233,"column":null}},"43":{"start":{"line":162,"column":8},"end":{"line":162,"column":28}},"44":{"start":{"line":167,"column":6},"end":{"line":167,"column":27}},"45":{"start":{"line":171,"column":12},"end":{"line":171,"column":37}},"46":{"start":{"line":171,"column":6},"end":{"line":171,"column":37}},"47":{"start":{"line":174,"column":12},"end":{"line":174,"column":103}},"48":{"start":{"line":177,"column":6},"end":{"line":182,"column":null}},"49":{"start":{"line":179,"column":8},"end":{"line":179,"column":44}},"50":{"start":{"line":184,"column":6},"end":{"line":189,"column":null}},"51":{"start":{"line":186,"column":8},"end":{"line":186,"column":44}},"52":{"start":{"line":192,"column":6},"end":{"line":202,"column":null}},"53":{"start":{"line":194,"column":8},"end":{"line":196,"column":null}},"54":{"start":{"line":199,"column":8},"end":{"line":201,"column":null}},"55":{"start":{"line":204,"column":6},"end":{"line":223,"column":null}},"56":{"start":{"line":206,"column":8},"end":{"line":209,"column":null}},"57":{"start":{"line":208,"column":10},"end":{"line":208,"column":46}},"58":{"start":{"line":212,"column":14},"end":{"line":212,"column":64}},"59":{"start":{"line":215,"column":14},"end":{"line":217,"column":11}},"60":{"start":{"line":216,"column":10},"end":{"line":216,"column":56}},"61":{"start":{"line":219,"column":8},"end":{"line":222,"column":null}},"62":{"start":{"line":165,"column":11},"end":{"line":165,"column":null}},"63":{"start":{"line":165,"column":15},"end":{"line":165,"column":null}},"64":{"start":{"line":228,"column":4},"end":{"line":232,"column":null}},"65":{"start":{"line":229,"column":6},"end":{"line":229,"column":30}},"66":{"start":{"line":231,"column":6},"end":{"line":231,"column":18}},"67":{"start":{"line":239,"column":15},"end":{"line":272,"column":null}},"68":{"start":{"line":240,"column":4},"end":{"line":271,"column":7}},"69":{"start":{"line":242,"column":34},"end":{"line":242,"column":36}},"70":{"start":{"line":244,"column":30},"end":{"line":244,"column":47}},"71":{"start":{"line":245,"column":36},"end":{"line":245,"column":58}},"72":{"start":{"line":248,"column":6},"end":{"line":270,"column":9}},"73":{"start":{"line":249,"column":8},"end":{"line":256,"column":11}},"74":{"start":{"line":250,"column":10},"end":{"line":252,"column":null}},"75":{"start":{"line":251,"column":12},"end":{"line":251,"column":29}},"76":{"start":{"line":255,"column":10},"end":{"line":255,"column":41}},"77":{"start":{"line":259,"column":8},"end":{"line":259,"column":25}},"78":{"start":{"line":262,"column":8},"end":{"line":262,"column":24}},"79":{"start":{"line":264,"column":8},"end":{"line":264,"column":21}},"80":{"start":{"line":267,"column":8},"end":{"line":267,"column":24}},"81":{"start":{"line":269,"column":8},"end":{"line":269,"column":20}},"82":{"start":{"line":273,"column":0},"end":{"line":273,"column":null}},"83":{"start":{"line":276,"column":27},"end":{"line":276,"column":43}},"84":{"start":{"line":290,"column":13},"end":{"line":305,"column":2}},"85":{"start":{"line":292,"column":33},"end":{"line":297,"column":null}},"86":{"start":{"line":294,"column":4},"end":{"line":296,"column":7}},"87":{"start":{"line":295,"column":6},"end":{"line":295,"column":20}},"88":{"start":{"line":298,"column":37},"end":{"line":304,"column":null}},"89":{"start":{"line":299,"column":4},"end":{"line":303,"column":null}},"90":{"start":{"line":300,"column":6},"end":{"line":300,"column":34}},"91":{"start":{"line":302,"column":6},"end":{"line":302,"column":47}},"92":{"start":{"line":308,"column":0},"end":{"line":308,"column":24}}},"fnMap":{"0":{"name":"(anonymous_16)","decl":{"start":{"line":38,"column":0},"end":{"line":38,"column":null}},"loc":{"start":{"line":38,"column":0},"end":{"line":273,"column":null}}},"1":{"name":"PromptImpl","decl":{"start":{"line":49,"column":2},"end":{"line":49,"column":null}},"loc":{"start":{"line":49,"column":2},"end":{"line":67,"column":3}}},"2":{"name":"(anonymous_18)","decl":{"start":{"line":57,"column":23},"end":{"line":57,"column":24}},"loc":{"start":{"line":57,"column":37},"end":{"line":59,"column":5}}},"3":{"name":"(anonymous_19)","decl":{"start":{"line":59,"column":19},"end":{"line":59,"column":null}},"loc":{"start":{"line":59,"column":19},"end":{"line":61,"column":5}}},"4":{"name":"(anonymous_20)","decl":{"start":{"line":61,"column":21},"end":{"line":61,"column":null}},"loc":{"start":{"line":61,"column":21},"end":{"line":63,"column":5}}},"5":{"name":"(anonymous_21)","decl":{"start":{"line":73,"column":2},"end":{"line":73,"column":10}},"loc":{"start":{"line":73,"column":33},"end":{"line":73,"column":37}}},"6":{"name":"(anonymous_22)","decl":{"start":{"line":78,"column":2},"end":{"line":78,"column":10}},"loc":{"start":{"line":78,"column":2},"end":{"line":78,"column":27}}},"7":{"name":"(anonymous_23)","decl":{"start":{"line":84,"column":2},"end":{"line":84,"column":10}},"loc":{"start":{"line":84,"column":41},"end":{"line":84,"column":45}}},"8":{"name":"(anonymous_24)","decl":{"start":{"line":89,"column":2},"end":{"line":89,"column":10}},"loc":{"start":{"line":89,"column":2},"end":{"line":93,"column":3}}},"9":{"name":"(anonymous_25)","decl":{"start":{"line":99,"column":2},"end":{"line":99,"column":16}},"loc":{"start":{"line":99,"column":41},"end":{"line":154,"column":null}}},"10":{"name":"(anonymous_28)","decl":{"start":{"line":100,"column":23},"end":{"line":100,"column":24}},"loc":{"start":{"line":100,"column":39},"end":{"line":153,"column":5}}},"11":{"name":"(anonymous_29)","decl":{"start":{"line":104,"column":22},"end":{"line":104,"column":23}},"loc":{"start":{"line":104,"column":35},"end":{"line":107,"column":7}}},"12":{"name":"(anonymous_30)","decl":{"start":{"line":109,"column":23},"end":{"line":109,"column":null}},"loc":{"start":{"line":109,"column":23},"end":{"line":111,"column":7}}},"13":{"name":"(anonymous_31)","decl":{"start":{"line":113,"column":29},"end":{"line":113,"column":30}},"loc":{"start":{"line":113,"column":42},"end":{"line":115,"column":7}}},"14":{"name":"(anonymous_32)","decl":{"start":{"line":123,"column":61},"end":{"line":123,"column":62}},"loc":{"start":{"line":123,"column":102},"end":{"line":129,"column":9}}},"15":{"name":"(anonymous_33)","decl":{"start":{"line":134,"column":31},"end":{"line":134,"column":32}},"loc":{"start":{"line":134,"column":48},"end":{"line":137,"column":9}}},"16":{"name":"(anonymous_34)","decl":{"start":{"line":160,"column":2},"end":{"line":160,"column":16}},"loc":{"start":{"line":160,"column":46},"end":{"line":233,"column":null}}},"17":{"name":"(anonymous_39)","decl":{"start":{"line":215,"column":52},"end":{"line":215,"column":53}},"loc":{"start":{"line":215,"column":72},"end":{"line":217,"column":9}}},"18":{"name":"(anonymous_40)","decl":{"start":{"line":239,"column":2},"end":{"line":239,"column":15}},"loc":{"start":{"line":239,"column":42},"end":{"line":272,"column":null}}},"19":{"name":"(anonymous_43)","decl":{"start":{"line":240,"column":23},"end":{"line":240,"column":24}},"loc":{"start":{"line":240,"column":39},"end":{"line":271,"column":5}}},"20":{"name":"(anonymous_44)","decl":{"start":{"line":248,"column":18},"end":{"line":248,"column":19}},"loc":{"start":{"line":248,"column":64},"end":{"line":257,"column":7}}},"21":{"name":"(anonymous_45)","decl":{"start":{"line":249,"column":25},"end":{"line":249,"column":26}},"loc":{"start":{"line":249,"column":46},"end":{"line":256,"column":9}}},"22":{"name":"(anonymous_46)","decl":{"start":{"line":257,"column":40},"end":{"line":257,"column":41}},"loc":{"start":{"line":257,"column":61},"end":{"line":265,"column":7}}},"23":{"name":"(anonymous_47)","decl":{"start":{"line":265,"column":15},"end":{"line":265,"column":16}},"loc":{"start":{"line":265,"column":19},"end":{"line":270,"column":7}}},"24":{"name":"(anonymous_48)","decl":{"start":{"line":291,"column":8},"end":{"line":291,"column":15}},"loc":{"start":{"line":291,"column":8},"end":{"line":291,"column":16}}},"25":{"name":"(anonymous_49)","decl":{"start":{"line":292,"column":10},"end":{"line":292,"column":17}},"loc":{"start":{"line":292,"column":33},"end":{"line":297,"column":null}}},"26":{"name":"(anonymous_50)","decl":{"start":{"line":292,"column":33},"end":{"line":292,"column":null}},"loc":{"start":{"line":292,"column":33},"end":{"line":297,"column":null}}},"27":{"name":"(anonymous_52)","decl":{"start":{"line":294,"column":38},"end":{"line":294,"column":39}},"loc":{"start":{"line":294,"column":58},"end":{"line":296,"column":5}}},"28":{"name":"(anonymous_53)","decl":{"start":{"line":298,"column":11},"end":{"line":298,"column":18}},"loc":{"start":{"line":298,"column":37},"end":{"line":304,"column":null}}},"29":{"name":"(anonymous_54)","decl":{"start":{"line":298,"column":37},"end":{"line":298,"column":null}},"loc":{"start":{"line":298,"column":37},"end":{"line":304,"column":null}}}},"branchMap":{"0":{"loc":{"start":{"line":121,"column":6},"end":{"line":138,"column":null}},"type":"if","locations":[{"start":{"line":121,"column":6},"end":{"line":138,"column":null}},{"start":{"line":121,"column":6},"end":{"line":138,"column":null}}]},"1":{"loc":{"start":{"line":121,"column":10},"end":{"line":121,"column":24}},"type":"binary-expr","locations":[{"start":{"line":121,"column":10},"end":{"line":121,"column":24}},{"start":{"line":121,"column":28},"end":{"line":121,"column":53}}]},"2":{"loc":{"start":{"line":124,"column":10},"end":{"line":128,"column":null}},"type":"if","locations":[{"start":{"line":124,"column":10},"end":{"line":128,"column":null}},{"start":{"line":124,"column":10},"end":{"line":128,"column":null}}]},"3":{"loc":{"start":{"line":143,"column":6},"end":{"line":147,"column":null}},"type":"if","locations":[{"start":{"line":143,"column":6},"end":{"line":147,"column":null}},{"start":{"line":143,"column":6},"end":{"line":147,"column":null}}]},"4":{"loc":{"start":{"line":174,"column":54},"end":{"line":174,"column":94}},"type":"cond-expr","locations":[{"start":{"line":174,"column":54},"end":{"line":174,"column":94}},{"start":{"line":174,"column":97},"end":{"line":174,"column":102}}]},"5":{"loc":{"start":{"line":174,"column":82},"end":{"line":174,"column":86}},"type":"cond-expr","locations":[{"start":{"line":174,"column":82},"end":{"line":174,"column":86}},{"start":{"line":174,"column":89},"end":{"line":174,"column":94}}]},"6":{"loc":{"start":{"line":177,"column":6},"end":{"line":182,"column":null}},"type":"if","locations":[{"start":{"line":177,"column":6},"end":{"line":182,"column":null}},{"start":{"line":177,"column":6},"end":{"line":182,"column":null}}]},"7":{"loc":{"start":{"line":177,"column":10},"end":{"line":177,"column":24}},"type":"binary-expr","locations":[{"start":{"line":177,"column":10},"end":{"line":177,"column":24}},{"start":{"line":177,"column":28},"end":{"line":177,"column":51}}]},"8":{"loc":{"start":{"line":184,"column":6},"end":{"line":189,"column":null}},"type":"if","locations":[{"start":{"line":184,"column":6},"end":{"line":189,"column":null}},{"start":{"line":184,"column":6},"end":{"line":189,"column":null}}]},"9":{"loc":{"start":{"line":184,"column":10},"end":{"line":184,"column":33}},"type":"binary-expr","locations":[{"start":{"line":184,"column":10},"end":{"line":184,"column":33}},{"start":{"line":184,"column":37},"end":{"line":184,"column":60}},{"start":{"line":184,"column":64},"end":{"line":184,"column":83}}]},"10":{"loc":{"start":{"line":192,"column":6},"end":{"line":202,"column":null}},"type":"if","locations":[{"start":{"line":192,"column":6},"end":{"line":202,"column":null}},{"start":{"line":192,"column":6},"end":{"line":202,"column":null}}]},"11":{"loc":{"start":{"line":194,"column":8},"end":{"line":196,"column":null}},"type":"if","locations":[{"start":{"line":194,"column":8},"end":{"line":196,"column":null}},{"start":{"line":194,"column":8},"end":{"line":196,"column":null}}]},"12":{"loc":{"start":{"line":199,"column":8},"end":{"line":201,"column":null}},"type":"if","locations":[{"start":{"line":199,"column":8},"end":{"line":201,"column":null}},{"start":{"line":199,"column":8},"end":{"line":201,"column":null}}]},"13":{"loc":{"start":{"line":199,"column":12},"end":{"line":199,"column":31}},"type":"binary-expr","locations":[{"start":{"line":199,"column":12},"end":{"line":199,"column":31}},{"start":{"line":199,"column":35},"end":{"line":199,"column":58}}]},"14":{"loc":{"start":{"line":204,"column":6},"end":{"line":223,"column":null}},"type":"if","locations":[{"start":{"line":204,"column":6},"end":{"line":223,"column":null}},{"start":{"line":204,"column":6},"end":{"line":223,"column":null}}]},"15":{"loc":{"start":{"line":206,"column":8},"end":{"line":209,"column":null}},"type":"if","locations":[{"start":{"line":206,"column":8},"end":{"line":209,"column":null}},{"start":{"line":206,"column":8},"end":{"line":209,"column":null}}]},"16":{"loc":{"start":{"line":206,"column":12},"end":{"line":206,"column":35}},"type":"binary-expr","locations":[{"start":{"line":206,"column":12},"end":{"line":206,"column":35}},{"start":{"line":206,"column":39},"end":{"line":206,"column":62}}]},"17":{"loc":{"start":{"line":219,"column":8},"end":{"line":222,"column":null}},"type":"if","locations":[{"start":{"line":219,"column":8},"end":{"line":222,"column":null}},{"start":{"line":219,"column":8},"end":{"line":222,"column":null}}]},"18":{"loc":{"start":{"line":165,"column":11},"end":{"line":165,"column":null}},"type":"if","locations":[{"start":{"line":165,"column":11},"end":{"line":165,"column":null}},{"start":{"line":165,"column":11},"end":{"line":165,"column":null}}]},"19":{"loc":{"start":{"line":228,"column":4},"end":{"line":232,"column":null}},"type":"if","locations":[{"start":{"line":228,"column":4},"end":{"line":232,"column":null}},{"start":{"line":228,"column":4},"end":{"line":232,"column":null}}]},"20":{"loc":{"start":{"line":250,"column":10},"end":{"line":252,"column":null}},"type":"if","locations":[{"start":{"line":250,"column":10},"end":{"line":252,"column":null}},{"start":{"line":250,"column":10},"end":{"line":252,"column":null}}]},"21":{"loc":{"start":{"line":299,"column":4},"end":{"line":303,"column":null}},"type":"if","locations":[{"start":{"line":299,"column":4},"end":{"line":303,"column":null}},{"start":{"line":299,"column":4},"end":{"line":303,"column":null}}]},"22":{"loc":{"start":{"line":299,"column":8},"end":{"line":299,"column":12}},"type":"binary-expr","locations":[{"start":{"line":299,"column":8},"end":{"line":299,"column":12}},{"start":{"line":299,"column":16},"end":{"line":299,"column":31}}]}},"s":{"0":1,"1":1,"2":1,"3":1,"4":1,"5":19,"6":1,"7":1,"8":1,"9":1,"10":1,"11":1,"12":1,"13":22,"14":22,"15":22,"16":1,"17":21,"18":21,"19":21,"20":19,"21":19,"22":21,"23":1,"24":21,"25":1,"26":21,"27":21,"28":8,"29":32,"30":8,"31":24,"32":8,"33":8,"34":32,"35":21,"36":21,"37":8,"38":13,"39":21,"40":21,"41":21,"42":1,"43":19,"44":21,"45":21,"46":21,"47":19,"48":19,"49":5,"50":14,"51":1,"52":13,"53":7,"54":2,"55":7,"56":6,"57":1,"58":6,"59":6,"60":18,"61":6,"62":21,"63":0,"64":17,"65":5,"66":12,"67":1,"68":16,"69":16,"70":16,"71":16,"72":16,"73":20,"74":19,"75":3,"76":19,"77":9,"78":9,"79":9,"80":7,"81":7,"82":1,"83":1,"84":1,"85":14,"86":14,"87":8,"88":3,"89":3,"90":2,"91":1,"92":1},"f":{"0":1,"1":1,"2":19,"3":1,"4":1,"5":0,"6":0,"7":0,"8":22,"9":21,"10":21,"11":19,"12":1,"13":1,"14":32,"15":32,"16":19,"17":18,"18":16,"19":16,"20":20,"21":19,"22":9,"23":7,"24":1,"25":14,"26":14,"27":8,"28":3,"29":3},"b":{"0":[8,13],"1":[21,9],"2":[8,24],"3":[8,13],"4":[9,10],"5":[8,1],"6":[5,14],"7":[19,8],"8":[1,13],"9":[14,8,3],"10":[7,6],"11":[5,2],"12":[1,1],"13":[2,1],"14":[6,1],"15":[1,5],"16":[6,2],"17":[5,1],"18":[0,21],"19":[5,12],"20":[3,16],"21":[2,1],"22":[3,3]}}
}
