{"/Users/azmizar/Projects/SimplyAppDevs/nodejs/nodejs-prompt/src/prompter.ts": {"path":"/Users/azmizar/Projects/SimplyAppDevs/nodejs/nodejs-prompt/src/prompter.ts","statementMap":{"0":{"start":{"line":4,"column":0},"end":{"line":4,"column":32}},"1":{"start":{"line":38,"column":0},"end":{"line":38,"column":null}},"2":{"start":{"line":49,"column":2},"end":{"line":49,"column":null}},"3":{"start":{"line":51,"column":4},"end":{"line":54,"column":7}},"4":{"start":{"line":57,"column":4},"end":{"line":63,"column":7}},"5":{"start":{"line":58,"column":6},"end":{"line":58,"column":27}},"6":{"start":{"line":60,"column":6},"end":{"line":60,"column":23}},"7":{"start":{"line":62,"column":6},"end":{"line":62,"column":38}},"8":{"start":{"line":66,"column":4},"end":{"line":66,"column":25}},"9":{"start":{"line":73,"column":10},"end":{"line":73,"column":38}},"10":{"start":{"line":78,"column":10},"end":{"line":78,"column":28}},"11":{"start":{"line":84,"column":10},"end":{"line":84,"column":46}},"12":{"start":{"line":89,"column":10},"end":{"line":93,"column":null}},"13":{"start":{"line":90,"column":4},"end":{"line":90,"column":37}},"14":{"start":{"line":91,"column":4},"end":{"line":91,"column":39}},"15":{"start":{"line":92,"column":4},"end":{"line":92,"column":51}},"16":{"start":{"line":99,"column":16},"end":{"line":154,"column":null}},"17":{"start":{"line":100,"column":4},"end":{"line":153,"column":7}},"18":{"start":{"line":102,"column":18},"end":{"line":102,"column":61}},"19":{"start":{"line":104,"column":6},"end":{"line":107,"column":8}},"20":{"start":{"line":105,"column":8},"end":{"line":105,"column":35}},"21":{"start":{"line":106,"column":8},"end":{"line":106,"column":24}},"22":{"start":{"line":109,"column":6},"end":{"line":111,"column":8}},"23":{"start":{"line":110,"column":8},"end":{"line":110,"column":43}},"24":{"start":{"line":113,"column":6},"end":{"line":115,"column":8}},"25":{"start":{"line":114,"column":8},"end":{"line":114,"column":57}},"26":{"start":{"line":118,"column":31},"end":{"line":118,"column":35}},"27":{"start":{"line":121,"column":6},"end":{"line":138,"column":null}},"28":{"start":{"line":123,"column":39},"end":{"line":129,"column":29}},"29":{"start":{"line":124,"column":10},"end":{"line":128,"column":null}},"30":{"start":{"line":125,"column":12},"end":{"line":125,"column":27}},"31":{"start":{"line":127,"column":12},"end":{"line":127,"column":27}},"32":{"start":{"line":132,"column":34},"end":{"line":132,"column":59}},"33":{"start":{"line":134,"column":8},"end":{"line":137,"column":11}},"34":{"start":{"line":136,"column":10},"end":{"line":136,"column":75}},"35":{"start":{"line":141,"column":27},"end":{"line":141,"column":29}},"36":{"start":{"line":143,"column":6},"end":{"line":147,"column":null}},"37":{"start":{"line":144,"column":8},"end":{"line":144,"column":67}},"38":{"start":{"line":146,"column":8},"end":{"line":146,"column":36}},"39":{"start":{"line":149,"column":6},"end":{"line":149,"column":27}},"40":{"start":{"line":151,"column":6},"end":{"line":151,"column":36}},"41":{"start":{"line":152,"column":6},"end":{"line":152,"column":23}},"42":{"start":{"line":160,"column":16},"end":{"line":240,"column":null}},"43":{"start":{"line":162,"column":8},"end":{"line":162,"column":28}},"44":{"start":{"line":165,"column":4},"end":{"line":165,"column":25}},"45":{"start":{"line":168,"column":4},"end":{"line":220,"column":7}},"46":{"start":{"line":170,"column":37},"end":{"line":170,"column":102}},"47":{"start":{"line":173,"column":6},"end":{"line":176,"column":null}},"48":{"start":{"line":175,"column":8},"end":{"line":175,"column":52}},"49":{"start":{"line":178,"column":6},"end":{"line":182,"column":null}},"50":{"start":{"line":180,"column":8},"end":{"line":180,"column":44}},"51":{"start":{"line":181,"column":8},"end":{"line":181,"column":19}},"52":{"start":{"line":185,"column":6},"end":{"line":195,"column":null}},"53":{"start":{"line":187,"column":8},"end":{"line":189,"column":null}},"54":{"start":{"line":188,"column":10},"end":{"line":188,"column":21}},"55":{"start":{"line":191,"column":8},"end":{"line":194,"column":null}},"56":{"start":{"line":193,"column":10},"end":{"line":193,"column":21}},"57":{"start":{"line":197,"column":6},"end":{"line":216,"column":null}},"58":{"start":{"line":199,"column":8},"end":{"line":202,"column":null}},"59":{"start":{"line":201,"column":10},"end":{"line":201,"column":46}},"60":{"start":{"line":205,"column":33},"end":{"line":205,"column":63}},"61":{"start":{"line":208,"column":31},"end":{"line":210,"column":10}},"62":{"start":{"line":209,"column":10},"end":{"line":209,"column":56}},"63":{"start":{"line":212,"column":8},"end":{"line":215,"column":null}},"64":{"start":{"line":214,"column":10},"end":{"line":214,"column":21}},"65":{"start":{"line":219,"column":6},"end":{"line":219,"column":37}},"66":{"start":{"line":246,"column":15},"end":{"line":279,"column":null}},"67":{"start":{"line":247,"column":4},"end":{"line":278,"column":7}},"68":{"start":{"line":249,"column":34},"end":{"line":249,"column":36}},"69":{"start":{"line":251,"column":30},"end":{"line":251,"column":47}},"70":{"start":{"line":252,"column":36},"end":{"line":252,"column":58}},"71":{"start":{"line":255,"column":6},"end":{"line":277,"column":9}},"72":{"start":{"line":256,"column":8},"end":{"line":263,"column":11}},"73":{"start":{"line":257,"column":10},"end":{"line":259,"column":null}},"74":{"start":{"line":258,"column":12},"end":{"line":258,"column":29}},"75":{"start":{"line":262,"column":10},"end":{"line":262,"column":41}},"76":{"start":{"line":266,"column":8},"end":{"line":266,"column":25}},"77":{"start":{"line":269,"column":8},"end":{"line":269,"column":24}},"78":{"start":{"line":271,"column":8},"end":{"line":271,"column":21}},"79":{"start":{"line":274,"column":8},"end":{"line":274,"column":24}},"80":{"start":{"line":276,"column":8},"end":{"line":276,"column":20}},"81":{"start":{"line":280,"column":0},"end":{"line":280,"column":null}},"82":{"start":{"line":283,"column":27},"end":{"line":283,"column":43}},"83":{"start":{"line":297,"column":13},"end":{"line":312,"column":2}},"84":{"start":{"line":299,"column":33},"end":{"line":304,"column":null}},"85":{"start":{"line":301,"column":4},"end":{"line":303,"column":7}},"86":{"start":{"line":302,"column":6},"end":{"line":302,"column":20}},"87":{"start":{"line":305,"column":37},"end":{"line":311,"column":null}},"88":{"start":{"line":306,"column":4},"end":{"line":310,"column":null}},"89":{"start":{"line":307,"column":6},"end":{"line":307,"column":34}},"90":{"start":{"line":309,"column":6},"end":{"line":309,"column":47}},"91":{"start":{"line":315,"column":0},"end":{"line":315,"column":24}}},"fnMap":{"0":{"name":"(anonymous_16)","decl":{"start":{"line":38,"column":0},"end":{"line":38,"column":null}},"loc":{"start":{"line":38,"column":0},"end":{"line":280,"column":null}}},"1":{"name":"PromptImpl","decl":{"start":{"line":49,"column":2},"end":{"line":49,"column":null}},"loc":{"start":{"line":49,"column":2},"end":{"line":67,"column":3}}},"2":{"name":"(anonymous_18)","decl":{"start":{"line":57,"column":23},"end":{"line":57,"column":24}},"loc":{"start":{"line":57,"column":37},"end":{"line":59,"column":5}}},"3":{"name":"(anonymous_19)","decl":{"start":{"line":59,"column":19},"end":{"line":59,"column":null}},"loc":{"start":{"line":59,"column":19},"end":{"line":61,"column":5}}},"4":{"name":"(anonymous_20)","decl":{"start":{"line":61,"column":21},"end":{"line":61,"column":null}},"loc":{"start":{"line":61,"column":21},"end":{"line":63,"column":5}}},"5":{"name":"(anonymous_21)","decl":{"start":{"line":73,"column":2},"end":{"line":73,"column":10}},"loc":{"start":{"line":73,"column":33},"end":{"line":73,"column":37}}},"6":{"name":"(anonymous_22)","decl":{"start":{"line":78,"column":2},"end":{"line":78,"column":10}},"loc":{"start":{"line":78,"column":2},"end":{"line":78,"column":27}}},"7":{"name":"(anonymous_23)","decl":{"start":{"line":84,"column":2},"end":{"line":84,"column":10}},"loc":{"start":{"line":84,"column":41},"end":{"line":84,"column":45}}},"8":{"name":"(anonymous_24)","decl":{"start":{"line":89,"column":2},"end":{"line":89,"column":10}},"loc":{"start":{"line":89,"column":2},"end":{"line":93,"column":3}}},"9":{"name":"(anonymous_25)","decl":{"start":{"line":99,"column":2},"end":{"line":99,"column":16}},"loc":{"start":{"line":99,"column":41},"end":{"line":154,"column":null}}},"10":{"name":"(anonymous_28)","decl":{"start":{"line":100,"column":23},"end":{"line":100,"column":24}},"loc":{"start":{"line":100,"column":39},"end":{"line":153,"column":5}}},"11":{"name":"(anonymous_29)","decl":{"start":{"line":104,"column":22},"end":{"line":104,"column":23}},"loc":{"start":{"line":104,"column":35},"end":{"line":107,"column":7}}},"12":{"name":"(anonymous_30)","decl":{"start":{"line":109,"column":23},"end":{"line":109,"column":null}},"loc":{"start":{"line":109,"column":23},"end":{"line":111,"column":7}}},"13":{"name":"(anonymous_31)","decl":{"start":{"line":113,"column":29},"end":{"line":113,"column":30}},"loc":{"start":{"line":113,"column":42},"end":{"line":115,"column":7}}},"14":{"name":"(anonymous_32)","decl":{"start":{"line":123,"column":61},"end":{"line":123,"column":62}},"loc":{"start":{"line":123,"column":102},"end":{"line":129,"column":9}}},"15":{"name":"(anonymous_33)","decl":{"start":{"line":134,"column":31},"end":{"line":134,"column":32}},"loc":{"start":{"line":134,"column":48},"end":{"line":137,"column":9}}},"16":{"name":"(anonymous_34)","decl":{"start":{"line":160,"column":2},"end":{"line":160,"column":16}},"loc":{"start":{"line":160,"column":46},"end":{"line":240,"column":null}}},"17":{"name":"(anonymous_37)","decl":{"start":{"line":168,"column":35},"end":{"line":168,"column":36}},"loc":{"start":{"line":168,"column":53},"end":{"line":220,"column":5}}},"18":{"name":"(anonymous_38)","decl":{"start":{"line":208,"column":52},"end":{"line":208,"column":53}},"loc":{"start":{"line":208,"column":72},"end":{"line":210,"column":9}}},"19":{"name":"(anonymous_39)","decl":{"start":{"line":246,"column":2},"end":{"line":246,"column":15}},"loc":{"start":{"line":246,"column":42},"end":{"line":279,"column":null}}},"20":{"name":"(anonymous_42)","decl":{"start":{"line":247,"column":23},"end":{"line":247,"column":24}},"loc":{"start":{"line":247,"column":39},"end":{"line":278,"column":5}}},"21":{"name":"(anonymous_43)","decl":{"start":{"line":255,"column":18},"end":{"line":255,"column":19}},"loc":{"start":{"line":255,"column":64},"end":{"line":264,"column":7}}},"22":{"name":"(anonymous_44)","decl":{"start":{"line":256,"column":25},"end":{"line":256,"column":26}},"loc":{"start":{"line":256,"column":46},"end":{"line":263,"column":9}}},"23":{"name":"(anonymous_45)","decl":{"start":{"line":264,"column":40},"end":{"line":264,"column":41}},"loc":{"start":{"line":264,"column":61},"end":{"line":272,"column":7}}},"24":{"name":"(anonymous_46)","decl":{"start":{"line":272,"column":15},"end":{"line":272,"column":16}},"loc":{"start":{"line":272,"column":19},"end":{"line":277,"column":7}}},"25":{"name":"(anonymous_47)","decl":{"start":{"line":298,"column":8},"end":{"line":298,"column":15}},"loc":{"start":{"line":298,"column":8},"end":{"line":298,"column":16}}},"26":{"name":"(anonymous_48)","decl":{"start":{"line":299,"column":10},"end":{"line":299,"column":17}},"loc":{"start":{"line":299,"column":33},"end":{"line":304,"column":null}}},"27":{"name":"(anonymous_49)","decl":{"start":{"line":299,"column":33},"end":{"line":299,"column":null}},"loc":{"start":{"line":299,"column":33},"end":{"line":304,"column":null}}},"28":{"name":"(anonymous_51)","decl":{"start":{"line":301,"column":38},"end":{"line":301,"column":39}},"loc":{"start":{"line":301,"column":58},"end":{"line":303,"column":5}}},"29":{"name":"(anonymous_52)","decl":{"start":{"line":305,"column":11},"end":{"line":305,"column":18}},"loc":{"start":{"line":305,"column":37},"end":{"line":311,"column":null}}},"30":{"name":"(anonymous_53)","decl":{"start":{"line":305,"column":37},"end":{"line":305,"column":null}},"loc":{"start":{"line":305,"column":37},"end":{"line":311,"column":null}}}},"branchMap":{"0":{"loc":{"start":{"line":121,"column":6},"end":{"line":138,"column":null}},"type":"if","locations":[{"start":{"line":121,"column":6},"end":{"line":138,"column":null}},{"start":{"line":121,"column":6},"end":{"line":138,"column":null}}]},"1":{"loc":{"start":{"line":121,"column":10},"end":{"line":121,"column":24}},"type":"binary-expr","locations":[{"start":{"line":121,"column":10},"end":{"line":121,"column":24}},{"start":{"line":121,"column":28},"end":{"line":121,"column":53}}]},"2":{"loc":{"start":{"line":124,"column":10},"end":{"line":128,"column":null}},"type":"if","locations":[{"start":{"line":124,"column":10},"end":{"line":128,"column":null}},{"start":{"line":124,"column":10},"end":{"line":128,"column":null}}]},"3":{"loc":{"start":{"line":143,"column":6},"end":{"line":147,"column":null}},"type":"if","locations":[{"start":{"line":143,"column":6},"end":{"line":147,"column":null}},{"start":{"line":143,"column":6},"end":{"line":147,"column":null}}]},"4":{"loc":{"start":{"line":170,"column":54},"end":{"line":170,"column":94}},"type":"cond-expr","locations":[{"start":{"line":170,"column":54},"end":{"line":170,"column":94}},{"start":{"line":170,"column":97},"end":{"line":170,"column":102}}]},"5":{"loc":{"start":{"line":170,"column":82},"end":{"line":170,"column":86}},"type":"cond-expr","locations":[{"start":{"line":170,"column":82},"end":{"line":170,"column":86}},{"start":{"line":170,"column":89},"end":{"line":170,"column":94}}]},"6":{"loc":{"start":{"line":173,"column":6},"end":{"line":176,"column":null}},"type":"if","locations":[{"start":{"line":173,"column":6},"end":{"line":176,"column":null}},{"start":{"line":173,"column":6},"end":{"line":176,"column":null}}]},"7":{"loc":{"start":{"line":173,"column":10},"end":{"line":173,"column":24}},"type":"binary-expr","locations":[{"start":{"line":173,"column":10},"end":{"line":173,"column":24}},{"start":{"line":173,"column":28},"end":{"line":173,"column":51}}]},"8":{"loc":{"start":{"line":178,"column":6},"end":{"line":182,"column":null}},"type":"if","locations":[{"start":{"line":178,"column":6},"end":{"line":182,"column":null}},{"start":{"line":178,"column":6},"end":{"line":182,"column":null}}]},"9":{"loc":{"start":{"line":178,"column":10},"end":{"line":178,"column":33}},"type":"binary-expr","locations":[{"start":{"line":178,"column":10},"end":{"line":178,"column":33}},{"start":{"line":178,"column":37},"end":{"line":178,"column":60}},{"start":{"line":178,"column":64},"end":{"line":178,"column":83}}]},"10":{"loc":{"start":{"line":185,"column":6},"end":{"line":195,"column":null}},"type":"if","locations":[{"start":{"line":185,"column":6},"end":{"line":195,"column":null}},{"start":{"line":185,"column":6},"end":{"line":195,"column":null}}]},"11":{"loc":{"start":{"line":187,"column":8},"end":{"line":189,"column":null}},"type":"if","locations":[{"start":{"line":187,"column":8},"end":{"line":189,"column":null}},{"start":{"line":187,"column":8},"end":{"line":189,"column":null}}]},"12":{"loc":{"start":{"line":191,"column":8},"end":{"line":194,"column":null}},"type":"if","locations":[{"start":{"line":191,"column":8},"end":{"line":194,"column":null}},{"start":{"line":191,"column":8},"end":{"line":194,"column":null}}]},"13":{"loc":{"start":{"line":191,"column":12},"end":{"line":191,"column":31}},"type":"binary-expr","locations":[{"start":{"line":191,"column":12},"end":{"line":191,"column":31}},{"start":{"line":191,"column":35},"end":{"line":191,"column":58}}]},"14":{"loc":{"start":{"line":197,"column":6},"end":{"line":216,"column":null}},"type":"if","locations":[{"start":{"line":197,"column":6},"end":{"line":216,"column":null}},{"start":{"line":197,"column":6},"end":{"line":216,"column":null}}]},"15":{"loc":{"start":{"line":199,"column":8},"end":{"line":202,"column":null}},"type":"if","locations":[{"start":{"line":199,"column":8},"end":{"line":202,"column":null}},{"start":{"line":199,"column":8},"end":{"line":202,"column":null}}]},"16":{"loc":{"start":{"line":199,"column":12},"end":{"line":199,"column":35}},"type":"binary-expr","locations":[{"start":{"line":199,"column":12},"end":{"line":199,"column":35}},{"start":{"line":199,"column":39},"end":{"line":199,"column":62}}]},"17":{"loc":{"start":{"line":212,"column":8},"end":{"line":215,"column":null}},"type":"if","locations":[{"start":{"line":212,"column":8},"end":{"line":215,"column":null}},{"start":{"line":212,"column":8},"end":{"line":215,"column":null}}]},"18":{"loc":{"start":{"line":257,"column":10},"end":{"line":259,"column":null}},"type":"if","locations":[{"start":{"line":257,"column":10},"end":{"line":259,"column":null}},{"start":{"line":257,"column":10},"end":{"line":259,"column":null}}]},"19":{"loc":{"start":{"line":306,"column":4},"end":{"line":310,"column":null}},"type":"if","locations":[{"start":{"line":306,"column":4},"end":{"line":310,"column":null}},{"start":{"line":306,"column":4},"end":{"line":310,"column":null}}]},"20":{"loc":{"start":{"line":306,"column":8},"end":{"line":306,"column":12}},"type":"binary-expr","locations":[{"start":{"line":306,"column":8},"end":{"line":306,"column":12}},{"start":{"line":306,"column":16},"end":{"line":306,"column":31}}]}},"s":{"0":1,"1":1,"2":1,"3":1,"4":1,"5":19,"6":1,"7":1,"8":1,"9":1,"10":1,"11":1,"12":1,"13":22,"14":22,"15":22,"16":1,"17":21,"18":21,"19":21,"20":19,"21":19,"22":21,"23":1,"24":21,"25":1,"26":21,"27":21,"28":8,"29":32,"30":8,"31":24,"32":8,"33":8,"34":32,"35":21,"36":21,"37":8,"38":13,"39":21,"40":21,"41":21,"42":1,"43":21,"44":21,"45":21,"46":19,"47":19,"48":5,"49":14,"50":1,"51":1,"52":13,"53":7,"54":5,"55":2,"56":1,"57":7,"58":6,"59":1,"60":6,"61":6,"62":18,"63":6,"64":5,"65":2,"66":1,"67":16,"68":16,"69":16,"70":16,"71":16,"72":20,"73":19,"74":3,"75":19,"76":9,"77":9,"78":9,"79":7,"80":7,"81":1,"82":1,"83":1,"84":14,"85":14,"86":8,"87":3,"88":3,"89":2,"90":1,"91":1},"f":{"0":1,"1":1,"2":19,"3":1,"4":1,"5":0,"6":0,"7":0,"8":22,"9":21,"10":21,"11":19,"12":1,"13":1,"14":32,"15":32,"16":21,"17":19,"18":18,"19":16,"20":16,"21":20,"22":19,"23":9,"24":7,"25":1,"26":14,"27":14,"28":8,"29":3,"30":3},"b":{"0":[8,13],"1":[21,9],"2":[8,24],"3":[8,13],"4":[9,10],"5":[8,1],"6":[5,14],"7":[19,8],"8":[1,13],"9":[14,8,3],"10":[7,6],"11":[5,2],"12":[1,1],"13":[2,1],"14":[6,1],"15":[1,5],"16":[6,2],"17":[5,1],"18":[3,16],"19":[2,1],"20":[3,3]}}
}
