TN:
SF:src/prompter.ts
FN:39,(anonymous_16)
FN:50,PromptImpl
FN:58,(anonymous_18)
FN:60,(anonymous_19)
FN:62,(anonymous_20)
FN:74,(anonymous_21)
FN:79,(anonymous_22)
FN:85,(anonymous_23)
FN:90,(anonymous_24)
FN:100,(anonymous_25)
FN:101,(anonymous_28)
FN:105,(anonymous_29)
FN:110,(anonymous_30)
FN:114,(anonymous_31)
FN:124,(anonymous_32)
FN:136,(anonymous_33)
FN:164,(anonymous_34)
FN:172,(anonymous_37)
FN:212,(anonymous_38)
FN:231,(anonymous_39)
FN:232,(anonymous_42)
FN:240,(anonymous_43)
FN:241,(anonymous_44)
FN:249,(anonymous_45)
FN:257,(anonymous_46)
FN:283,(anonymous_47)
FN:284,(anonymous_48)
FN:284,(anonymous_49)
FN:286,(anonymous_51)
FN:290,(anonymous_52)
FN:290,(anonymous_53)
FNF:31
FNH:28
FNDA:1,(anonymous_16)
FNDA:1,PromptImpl
FNDA:20,(anonymous_18)
FNDA:1,(anonymous_19)
FNDA:1,(anonymous_20)
FNDA:0,(anonymous_21)
FNDA:0,(anonymous_22)
FNDA:0,(anonymous_23)
FNDA:23,(anonymous_24)
FNDA:22,(anonymous_25)
FNDA:22,(anonymous_28)
FNDA:20,(anonymous_29)
FNDA:1,(anonymous_30)
FNDA:1,(anonymous_31)
FNDA:34,(anonymous_32)
FNDA:34,(anonymous_33)
FNDA:22,(anonymous_34)
FNDA:20,(anonymous_37)
FNDA:19,(anonymous_38)
FNDA:16,(anonymous_39)
FNDA:16,(anonymous_42)
FNDA:22,(anonymous_43)
FNDA:20,(anonymous_44)
FNDA:9,(anonymous_45)
FNDA:7,(anonymous_46)
FNDA:1,(anonymous_47)
FNDA:14,(anonymous_48)
FNDA:14,(anonymous_49)
FNDA:8,(anonymous_51)
FNDA:3,(anonymous_52)
FNDA:3,(anonymous_53)
DA:4,1
DA:39,1
DA:50,1
DA:52,1
DA:58,1
DA:59,20
DA:61,1
DA:63,1
DA:67,1
DA:74,1
DA:79,1
DA:85,1
DA:90,1
DA:91,23
DA:92,23
DA:93,23
DA:100,1
DA:101,22
DA:103,22
DA:105,22
DA:106,20
DA:107,20
DA:110,22
DA:111,1
DA:114,22
DA:115,1
DA:119,22
DA:122,22
DA:124,9
DA:125,34
DA:126,8
DA:128,26
DA:133,9
DA:136,9
DA:137,34
DA:141,9
DA:145,22
DA:147,22
DA:148,9
DA:150,13
DA:153,22
DA:155,22
DA:156,22
DA:164,1
DA:166,22
DA:169,22
DA:172,22
DA:174,20
DA:177,20
DA:179,5
DA:182,15
DA:184,1
DA:185,1
DA:189,14
DA:191,7
DA:192,5
DA:195,2
DA:197,1
DA:201,8
DA:203,7
DA:205,1
DA:209,7
DA:212,7
DA:213,19
DA:216,7
DA:218,6
DA:223,2
DA:231,1
DA:232,16
DA:234,16
DA:236,16
DA:237,16
DA:240,16
DA:241,22
DA:242,20
DA:243,4
DA:247,20
DA:251,9
DA:254,9
DA:256,9
DA:259,7
DA:261,7
DA:265,1
DA:268,1
DA:282,1
DA:284,14
DA:286,14
DA:287,8
DA:290,3
DA:291,3
DA:292,2
DA:294,1
DA:300,1
LF:93
LH:93
BRDA:122,0,0,9
BRDA:122,0,1,13
BRDA:122,1,0,22
BRDA:122,1,1,10
BRDA:125,2,0,8
BRDA:125,2,1,26
BRDA:138,3,0,1
BRDA:138,3,1,8
BRDA:147,4,0,9
BRDA:147,4,1,13
BRDA:174,5,0,10
BRDA:174,5,1,10
BRDA:174,6,0,9
BRDA:174,6,1,1
BRDA:177,7,0,5
BRDA:177,7,1,15
BRDA:177,8,0,20
BRDA:177,8,1,8
BRDA:182,9,0,1
BRDA:182,9,1,14
BRDA:182,10,0,15
BRDA:182,10,1,9
BRDA:182,10,2,3
BRDA:189,11,0,7
BRDA:189,11,1,7
BRDA:191,12,0,5
BRDA:191,12,1,2
BRDA:195,13,0,1
BRDA:195,13,1,1
BRDA:195,14,0,2
BRDA:195,14,1,1
BRDA:201,15,0,7
BRDA:201,15,1,1
BRDA:203,16,0,1
BRDA:203,16,1,6
BRDA:203,17,0,7
BRDA:203,17,1,2
BRDA:216,18,0,6
BRDA:216,18,1,1
BRDA:242,19,0,4
BRDA:242,19,1,16
BRDA:291,20,0,2
BRDA:291,20,1,1
BRDA:291,21,0,3
BRDA:291,21,1,3
BRF:45
BRH:45
end_of_record
