TN:
SF:src/prompter.ts
FN:38,(anonymous_16)
FN:49,PromptImpl
FN:57,(anonymous_18)
FN:59,(anonymous_19)
FN:61,(anonymous_20)
FN:73,(anonymous_21)
FN:78,(anonymous_22)
FN:84,(anonymous_23)
FN:89,(anonymous_24)
FN:99,(anonymous_25)
FN:100,(anonymous_28)
FN:104,(anonymous_29)
FN:109,(anonymous_30)
FN:113,(anonymous_31)
FN:123,(anonymous_32)
FN:134,(anonymous_33)
FN:160,(anonymous_34)
FN:215,(anonymous_39)
FN:239,(anonymous_40)
FN:240,(anonymous_43)
FN:248,(anonymous_44)
FN:249,(anonymous_45)
FN:257,(anonymous_46)
FN:265,(anonymous_47)
FN:291,(anonymous_48)
FN:292,(anonymous_49)
FN:292,(anonymous_50)
FN:294,(anonymous_52)
FN:298,(anonymous_53)
FN:298,(anonymous_54)
FNF:30
FNH:27
FNDA:1,(anonymous_16)
FNDA:1,PromptImpl
FNDA:19,(anonymous_18)
FNDA:1,(anonymous_19)
FNDA:1,(anonymous_20)
FNDA:0,(anonymous_21)
FNDA:0,(anonymous_22)
FNDA:0,(anonymous_23)
FNDA:22,(anonymous_24)
FNDA:21,(anonymous_25)
FNDA:21,(anonymous_28)
FNDA:19,(anonymous_29)
FNDA:1,(anonymous_30)
FNDA:1,(anonymous_31)
FNDA:32,(anonymous_32)
FNDA:32,(anonymous_33)
FNDA:19,(anonymous_34)
FNDA:18,(anonymous_39)
FNDA:16,(anonymous_40)
FNDA:16,(anonymous_43)
FNDA:20,(anonymous_44)
FNDA:19,(anonymous_45)
FNDA:9,(anonymous_46)
FNDA:7,(anonymous_47)
FNDA:1,(anonymous_48)
FNDA:14,(anonymous_49)
FNDA:14,(anonymous_50)
FNDA:8,(anonymous_52)
FNDA:3,(anonymous_53)
FNDA:3,(anonymous_54)
DA:4,1
DA:38,1
DA:49,1
DA:51,1
DA:57,1
DA:58,19
DA:60,1
DA:62,1
DA:66,1
DA:73,1
DA:78,1
DA:84,1
DA:89,1
DA:90,22
DA:91,22
DA:92,22
DA:99,1
DA:100,21
DA:102,21
DA:104,21
DA:105,19
DA:106,19
DA:109,21
DA:110,1
DA:113,21
DA:114,1
DA:118,21
DA:121,21
DA:123,8
DA:124,32
DA:125,8
DA:127,24
DA:132,8
DA:134,8
DA:136,32
DA:141,21
DA:143,21
DA:144,8
DA:146,13
DA:149,21
DA:151,21
DA:152,21
DA:160,1
DA:162,19
DA:165,21
DA:167,21
DA:171,21
DA:174,19
DA:177,19
DA:179,5
DA:184,14
DA:186,1
DA:192,13
DA:194,7
DA:199,2
DA:204,7
DA:206,6
DA:208,1
DA:212,6
DA:215,6
DA:216,18
DA:219,6
DA:228,17
DA:229,5
DA:231,12
DA:239,1
DA:240,16
DA:242,16
DA:244,16
DA:245,16
DA:248,16
DA:249,20
DA:250,19
DA:251,3
DA:255,19
DA:259,9
DA:262,9
DA:264,9
DA:267,7
DA:269,7
DA:273,1
DA:276,1
DA:290,1
DA:292,14
DA:294,14
DA:295,8
DA:298,3
DA:299,3
DA:300,2
DA:302,1
DA:308,1
LF:91
LH:91
BRDA:121,0,0,8
BRDA:121,0,1,13
BRDA:121,1,0,21
BRDA:121,1,1,9
BRDA:124,2,0,8
BRDA:124,2,1,24
BRDA:143,3,0,8
BRDA:143,3,1,13
BRDA:174,4,0,9
BRDA:174,4,1,10
BRDA:174,5,0,8
BRDA:174,5,1,1
BRDA:177,6,0,5
BRDA:177,6,1,14
BRDA:177,7,0,19
BRDA:177,7,1,8
BRDA:184,8,0,1
BRDA:184,8,1,13
BRDA:184,9,0,14
BRDA:184,9,1,8
BRDA:184,9,2,3
BRDA:192,10,0,7
BRDA:192,10,1,6
BRDA:194,11,0,5
BRDA:194,11,1,2
BRDA:199,12,0,1
BRDA:199,12,1,1
BRDA:199,13,0,2
BRDA:199,13,1,1
BRDA:204,14,0,6
BRDA:204,14,1,1
BRDA:206,15,0,1
BRDA:206,15,1,5
BRDA:206,16,0,6
BRDA:206,16,1,2
BRDA:219,17,0,5
BRDA:219,17,1,1
BRDA:165,18,0,0
BRDA:165,18,1,21
BRDA:228,19,0,5
BRDA:228,19,1,12
BRDA:250,20,0,3
BRDA:250,20,1,16
BRDA:299,21,0,2
BRDA:299,21,1,1
BRDA:299,22,0,3
BRDA:299,22,1,3
BRF:47
BRH:46
end_of_record
